SF:lib/modules/submit_activity_proof/domain/use_cases/validate_proof_time_window_use_case.dart
DA:5,2
DA:10,4
LF:2
LH:2
end_of_record
SF:lib/modules/home/domain/usecases/goals/create_goal_usecase.dart
DA:7,1
DA:9,1
DA:11,7
DA:13,1
DA:14,2
DA:16,1
DA:22,2
LF:7
LH:7
end_of_record
SF:lib/shared/entities/templates/goal.dart
DA:11,2
DA:20,1
DA:28,1
DA:29,1
DA:30,1
DA:31,1
DA:32,1
DA:33,1
DA:34,0
DA:38,0
DA:39,0
LF:11
LH:8
end_of_record
SF:lib/modules/home/domain/usecases/goals/toggle_goal_completion_usecase.dart
DA:6,1
DA:8,1
DA:9,2
DA:10,2
DA:11,3
DA:14,1
LF:6
LH:6
end_of_record
SF:lib/modules/home/domain/usecases/activities/is_activity_completed_usecase.dart
DA:9,1
DA:14,1
DA:15,2
DA:16,2
DA:17,2
DA:21,2
DA:23,1
DA:24,4
DA:28,3
DA:29,1
DA:30,1
DA:31,2
DA:32,2
DA:33,2
DA:35,1
LF:15
LH:15
end_of_record
SF:lib/shared/entities/user_specific/user_activity_progress.dart
DA:9,1
DA:15,0
DA:21,0
DA:22,0
DA:23,0
DA:24,0
DA:28,0
DA:29,0
LF:8
LH:1
end_of_record
SF:lib/shared/entities/user_specific/user_challenge.dart
DA:12,1
DA:21,0
DA:29,0
DA:30,0
DA:31,0
DA:32,0
DA:33,0
DA:34,0
DA:35,0
DA:39,0
DA:40,0
DA:41,0
DA:42,0
DA:43,0
DA:44,0
DA:45,0
DA:46,0
LF:17
LH:1
end_of_record
SF:lib/shared/entities/user_specific/user_proof.dart
DA:13,1
DA:23,0
DA:30,0
DA:31,0
DA:32,0
DA:33,0
DA:34,0
DA:35,0
DA:36,0
DA:37,0
DA:41,0
DA:42,0
DA:43,0
DA:44,0
DA:45,0
DA:46,0
DA:47,0
DA:48,0
DA:49,0
LF:19
LH:1
end_of_record
SF:lib/shared/entities/templates/proof.dart
DA:22,0
DA:32,0
DA:41,0
DA:42,0
DA:43,0
DA:44,0
DA:45,0
DA:46,0
DA:47,0
DA:48,0
DA:52,0
DA:53,0
DA:54,0
DA:55,0
DA:56,0
DA:57,0
DA:58,0
DA:59,0
DA:60,0
LF:19
LH:0
end_of_record
SF:lib/core/theme/app_icon.dart
DA:22,0
DA:23,0
DA:24,0
DA:25,0
DA:29,0
DA:30,0
DA:31,0
LF:7
LH:0
end_of_record
