SF:lib\core\theme\app_icon.dart
DA:22,1
DA:23,1
DA:24,3
DA:25,3
DA:29,1
DA:30,3
DA:31,1
LF:7
LH:7
end_of_record
SF:lib\modules\home\domain\usecases\goals\create_goal_usecase.dart
DA:7,1
DA:9,1
DA:11,7
DA:13,1
DA:14,2
DA:16,1
DA:22,2
LF:7
LH:7
end_of_record
SF:lib\shared\entities\templates\goal.dart
DA:11,5
DA:20,2
DA:28,2
DA:29,2
DA:30,1
DA:31,2
DA:32,2
DA:33,2
DA:34,1
DA:38,0
DA:39,0
LF:11
LH:9
end_of_record
SF:lib\modules\home\domain\usecases\goals\delete_goal_usecase.dart
DA:6,1
DA:8,1
DA:9,5
LF:3
LH:3
end_of_record
SF:lib\modules\home\domain\usecases\goals\edit_goal_name_usecase.dart
DA:6,1
DA:8,1
DA:10,5
DA:11,1
LF:4
LH:4
end_of_record
SF:lib\modules\home\domain\usecases\activities\get_todays_activities_usecase.dart
DA:7,1
DA:8,2
DA:9,1
DA:11,2
DA:12,2
DA:13,2
DA:14,1
LF:7
LH:7
end_of_record
SF:lib\shared\entities\templates\activity.dart
DA:13,1
DA:23,0
DA:32,0
DA:33,0
DA:34,0
DA:35,0
DA:36,0
DA:37,0
DA:38,0
DA:39,0
DA:43,0
DA:44,0
LF:12
LH:1
end_of_record
SF:lib\shared\entities\templates\challenge.dart
DA:17,2
DA:30,0
DA:42,0
DA:43,0
DA:44,0
DA:45,0
DA:46,0
DA:47,0
DA:48,0
DA:49,0
DA:50,0
DA:51,0
DA:52,0
DA:56,0
DA:57,0
DA:58,0
DA:59,0
DA:60,0
DA:61,0
DA:62,0
DA:63,0
DA:64,0
DA:65,0
DA:66,0
DA:67,0
LF:25
LH:1
end_of_record
SF:lib\shared\entities\templates\proof.dart
DA:22,0
DA:32,0
DA:41,0
DA:42,0
DA:43,0
DA:44,0
DA:45,0
DA:46,0
DA:47,0
DA:48,0
DA:52,0
DA:53,0
DA:54,0
DA:55,0
DA:56,0
DA:57,0
DA:58,0
DA:59,0
DA:60,0
LF:19
LH:0
end_of_record
SF:lib\modules\home\domain\usecases\goals\get_todays_goals_usecase.dart
DA:6,1
DA:7,1
DA:8,2
DA:9,4
DA:10,4
DA:11,4
DA:12,1
LF:7
LH:7
end_of_record
SF:lib\modules\home\domain\usecases\challenges\get_user_challenges_usecase.dart
DA:16,1
DA:19,1
DA:20,1
DA:21,1
DA:25,2
DA:27,4
LF:6
LH:6
end_of_record
SF:lib\shared\models\templates\activity_model.dart
DA:16,0
DA:26,0
DA:27,0
DA:28,0
DA:29,0
DA:30,0
DA:31,0
DA:32,0
DA:33,0
DA:34,0
DA:36,0
DA:40,0
DA:41,0
DA:42,0
DA:43,0
DA:44,0
DA:45,0
DA:46,0
DA:47,0
DA:48,0
DA:52,0
DA:53,0
DA:54,0
DA:55,0
DA:56,0
DA:57,0
DA:58,0
DA:59,0
DA:60,0
DA:61,0
DA:62,0
DA:68,0
DA:69,0
DA:70,0
DA:71,0
DA:72,0
DA:73,0
DA:74,0
DA:75,0
DA:76,0
DA:77,0
LF:41
LH:0
end_of_record
SF:lib\shared\models\templates\challenge_model.dart
DA:19,1
DA:32,0
DA:33,0
DA:34,0
DA:35,0
DA:36,0
DA:37,0
DA:38,0
DA:39,0
DA:40,0
DA:41,0
DA:42,0
DA:43,0
DA:44,0
DA:49,1
DA:50,1
DA:51,1
DA:52,1
DA:53,1
DA:54,1
DA:55,1
DA:56,1
DA:57,1
DA:58,1
DA:59,1
DA:60,4
DA:64,0
DA:65,0
DA:66,0
DA:67,0
DA:68,0
DA:69,0
DA:70,0
DA:71,0
DA:72,0
DA:73,0
DA:74,0
DA:75,0
DA:76,0
DA:77,0
DA:78,0
DA:79,0
DA:85,0
DA:86,0
DA:87,0
DA:88,0
DA:89,0
DA:90,0
DA:91,0
DA:92,0
DA:93,0
DA:94,0
DA:95,0
DA:96,0
DA:97,0
DA:98,0
LF:56
LH:13
end_of_record
SF:lib\shared\models\templates\proof_model.dart
DA:14,0
DA:24,0
DA:25,0
DA:26,0
DA:27,0
DA:28,0
DA:29,0
DA:30,0
DA:31,0
DA:32,0
DA:36,0
DA:37,0
DA:38,0
DA:39,0
DA:40,0
DA:41,0
DA:42,0
DA:43,0
DA:44,0
DA:48,0
DA:49,0
DA:50,0
DA:51,0
DA:52,0
DA:53,0
DA:54,0
DA:55,0
DA:57,0
DA:58,0
DA:59,0
DA:60,0
DA:64,0
DA:67,0
DA:68,0
DA:70,0
DA:71,0
DA:73,0
DA:77,0
DA:83,0
DA:84,0
DA:85,0
DA:86,0
DA:87,0
DA:88,0
DA:89,0
LF:45
LH:0
end_of_record
SF:lib\modules\home\domain\usecases\activities\is_activity_completed_usecase.dart
DA:9,1
DA:14,1
DA:15,2
DA:16,2
DA:17,2
DA:21,2
DA:23,1
DA:24,4
DA:28,3
DA:29,1
DA:30,1
DA:31,2
DA:32,2
DA:33,2
DA:35,1
LF:15
LH:15
end_of_record
SF:lib\shared\entities\user_specific\user_activity_progress.dart
DA:9,1
DA:15,0
DA:21,0
DA:22,0
DA:23,0
DA:24,0
DA:28,0
DA:29,0
LF:8
LH:1
end_of_record
SF:lib\shared\entities\user_specific\user_challenge.dart
DA:12,1
DA:21,0
DA:29,0
DA:30,0
DA:31,0
DA:32,0
DA:33,0
DA:34,0
DA:35,0
DA:39,0
DA:40,0
DA:41,0
DA:42,0
DA:43,0
DA:44,0
DA:45,0
DA:46,0
LF:17
LH:1
end_of_record
SF:lib\shared\entities\user_specific\user_proof.dart
DA:13,1
DA:23,0
DA:30,0
DA:31,0
DA:32,0
DA:33,0
DA:34,0
DA:35,0
DA:36,0
DA:37,0
DA:41,0
DA:42,0
DA:43,0
DA:44,0
DA:45,0
DA:46,0
DA:47,0
DA:48,0
DA:49,0
LF:19
LH:1
end_of_record
SF:lib\modules\home\domain\usecases\goals\toggle_goal_completion_usecase.dart
DA:6,1
DA:8,1
DA:9,2
DA:10,2
DA:11,3
DA:14,1
LF:6
LH:6
end_of_record
SF:lib\modules\submit_activity_proof\domain\use_cases\validate_proof_time_window_use_case.dart
DA:5,2
DA:10,4
LF:2
LH:2
end_of_record
